<?xml version="1.0" encoding="UTF-8"?>
<!-- Generated by org.testng.reporters.JUnitReportReporter -->
<testsuite skipped="0" hostname="vnikolic" name="testcases.TC_002" tests="1" failures="0" timestamp="23 Jan 2019 14:36:29 GMT" time="8.239" errors="0">
  <testcase name="tc_001" time="8.239" classname="testcases.TC_002"/>
</testsuite> <!-- testcases.TC_002 -->
